<?xml version="1.0" encoding="UTF-8"?>
<testng-results ignored="0" total="3" passed="2" failed="1" skipped="0">
  <reporter-output>
  </reporter-output>
  <suite started-at="2022-09-08T14:01:33 IST" name="Default suite" finished-at="2022-09-08T14:01:51 IST" duration-ms="18293">
    <groups>
    </groups>
    <test started-at="2022-09-08T14:01:33 IST" name="Default test" finished-at="2022-09-08T14:01:51 IST" duration-ms="18293">
      <class name="maven.testNG">
        <test-method is-config="true" signature="beforesuite()[pri:0, instance:maven.testNG@636be97c]" started-at="2022-09-08T14:01:33 IST" name="beforesuite" finished-at="2022-09-08T14:01:33 IST" duration-ms="37" status="PASS">
          <reporter-output>
          </reporter-output>
        </test-method> <!-- beforesuite -->
        <test-method is-config="true" signature="Startdriver()[pri:0, instance:maven.testNG@636be97c]" started-at="2022-09-08T14:01:33 IST" name="Startdriver" finished-at="2022-09-08T14:01:36 IST" duration-ms="2957" status="PASS">
          <reporter-output>
          </reporter-output>
        </test-method> <!-- Startdriver -->
        <test-method is-config="true" signature="NavigateToUrl()[pri:0, instance:maven.testNG@636be97c]" started-at="2022-09-08T14:01:36 IST" name="NavigateToUrl" finished-at="2022-09-08T14:01:39 IST" duration-ms="3342" status="PASS">
          <reporter-output>
          </reporter-output>
        </test-method> <!-- NavigateToUrl -->
        <test-method signature="tc1()[pri:0, instance:maven.testNG@636be97c]" started-at="2022-09-08T14:01:39 IST" name="tc1" finished-at="2022-09-08T14:01:39 IST" duration-ms="86" status="PASS">
          <reporter-output>
          </reporter-output>
        </test-method> <!-- tc1 -->
        <test-method signature="tc2()[pri:0, instance:maven.testNG@636be97c]" started-at="2022-09-08T14:01:39 IST" name="tc2" finished-at="2022-09-08T14:01:43 IST" duration-ms="3173" status="PASS">
          <reporter-output>
          </reporter-output>
        </test-method> <!-- tc2 -->
        <test-method signature="tc3()[pri:0, instance:maven.testNG@636be97c]" started-at="2022-09-08T14:01:43 IST" name="tc3" finished-at="2022-09-08T14:01:46 IST" duration-ms="3429" status="FAIL">
          <exception class="java.lang.AssertionError">
            <message>
              <![CDATA[The email address you entered isn't connected to an account. Find your account and log in. expected [The email address or mobile number you entered isn't connected to an account. Find your account and log in.] but found [The email address you entered isn't connected to an account. Find your account and log in.]]]>
            </message>
            <full-stacktrace>
              <![CDATA[java.lang.AssertionError: The email address you entered isn't connected to an account. Find your account and log in. expected [The email address or mobile number you entered isn't connected to an account. Find your account and log in.] but found [The email address you entered isn't connected to an account. Find your account and log in.]
at org.testng.Assert.fail(Assert.java:99)
at org.testng.Assert.failNotEquals(Assert.java:1037)
at org.testng.Assert.assertEqualsImpl(Assert.java:140)
at org.testng.Assert.assertEquals(Assert.java:122)
at org.testng.Assert.assertEquals(Assert.java:629)
at maven.testNG.tc3(testNG.java:112)
at java.base/jdk.internal.reflect.NativeMethodAccessorImpl.invoke0(Native Method)
at java.base/jdk.internal.reflect.NativeMethodAccessorImpl.invoke(NativeMethodAccessorImpl.java:78)
at java.base/jdk.internal.reflect.DelegatingMethodAccessorImpl.invoke(DelegatingMethodAccessorImpl.java:43)
at java.base/java.lang.reflect.Method.invoke(Method.java:567)
at org.testng.internal.MethodInvocationHelper.invokeMethod(MethodInvocationHelper.java:133)
at org.testng.internal.TestInvoker.invokeMethod(TestInvoker.java:598)
at org.testng.internal.TestInvoker.invokeTestMethod(TestInvoker.java:173)
at org.testng.internal.MethodRunner.runInSequence(MethodRunner.java:46)
at org.testng.internal.TestInvoker$MethodInvocationAgent.invoke(TestInvoker.java:824)
at org.testng.internal.TestInvoker.invokeTestMethods(TestInvoker.java:146)
at org.testng.internal.TestMethodWorker.invokeTestMethods(TestMethodWorker.java:146)
at org.testng.internal.TestMethodWorker.run(TestMethodWorker.java:128)
at java.base/java.util.ArrayList.forEach(ArrayList.java:1511)
at org.testng.TestRunner.privateRun(TestRunner.java:794)
at org.testng.TestRunner.run(TestRunner.java:596)
at org.testng.SuiteRunner.runTest(SuiteRunner.java:377)
at org.testng.SuiteRunner.runSequentially(SuiteRunner.java:371)
at org.testng.SuiteRunner.privateRun(SuiteRunner.java:332)
at org.testng.SuiteRunner.run(SuiteRunner.java:276)
at org.testng.SuiteRunnerWorker.runSuite(SuiteRunnerWorker.java:53)
at org.testng.SuiteRunnerWorker.run(SuiteRunnerWorker.java:96)
at org.testng.TestNG.runSuitesSequentially(TestNG.java:1212)
at org.testng.TestNG.runSuitesLocally(TestNG.java:1134)
at org.testng.TestNG.runSuites(TestNG.java:1063)
at org.testng.TestNG.run(TestNG.java:1031)
at org.testng.remote.AbstractRemoteTestNG.run(AbstractRemoteTestNG.java:115)
at org.testng.remote.RemoteTestNG.initAndRun(RemoteTestNG.java:251)
at org.testng.remote.RemoteTestNG.main(RemoteTestNG.java:77)
]]>
            </full-stacktrace>
          </exception> <!-- java.lang.AssertionError -->
          <reporter-output>
          </reporter-output>
        </test-method> <!-- tc3 -->
        <test-method is-config="true" signature="classafter()[pri:0, instance:maven.testNG@636be97c]" started-at="2022-09-08T14:01:46 IST" name="classafter" finished-at="2022-09-08T14:01:47 IST" duration-ms="616" status="PASS">
          <reporter-output>
          </reporter-output>
        </test-method> <!-- classafter -->
        <test-method is-config="true" signature="testafter()[pri:0, instance:maven.testNG@636be97c]" started-at="2022-09-08T14:01:47 IST" name="testafter" finished-at="2022-09-08T14:01:51 IST" duration-ms="4600" status="PASS">
          <reporter-output>
          </reporter-output>
        </test-method> <!-- testafter -->
        <test-method is-config="true" signature="suiteafter()[pri:0, instance:maven.testNG@636be97c]" started-at="2022-09-08T14:01:51 IST" name="suiteafter" finished-at="2022-09-08T14:01:54 IST" duration-ms="2741" status="PASS">
          <reporter-output>
          </reporter-output>
        </test-method> <!-- suiteafter -->
      </class> <!-- maven.testNG -->
    </test> <!-- Default test -->
  </suite> <!-- Default suite -->
</testng-results>
